Corner IDs: 1753 2843 1489 3083 
Water Roughness: 1680
........#..#....#....#.....#....................#.........#.#......#............#.......#....#..
.#....#.......#....#.#....#...##.#....#......O..#...................#.....#.....##...#.........#
......#....#.....#..#...#..O....OO....OO#...OOO..#......#..##.#...#O....#.#.#....#.#.#..........
#..............#............O..O..O..O..O.#O.#...O....OO....OO..#.OOO#........#.....#....#.....#
...#.#.....#...#.#...O........##....#..#........#.O#.O..O..O..O##O..........#....#..#....##...#.
#..O....OO....OO...#OOO.....#..........#........#......#...#.....#.#..#..##..#...#...#..#.......
.#.#O.#O.#O##O..O..O##..#..#.......##........#........#........##...##..#...#..##...#.#.....#.#.
..#.....#..#.#..#......#...#...#.##.....#....#.......##..#.#..#.#.#.....##........##..#......#..
.#.#....###........#.#.#..#........#.#.....#......O...#..#...#...............##...#...#......##.
......#...#..#....#.##..#.....#.O#...OO##..OO....OOO...........#..................#.#.#.........
..#.........#..........#.#.O...##O.#O..O##O..O..O...#..##....#.#....##....#.........#......#..#.
.........O....OO....OO#.#.OOO###..................#......#.#.##.#.....#................#.#....#.
.......#..O##O..O..O..O..O.......#...#.##......#....#.....#...#.....#...#..#..#..#.##...#.......
...#.##...#..#......##...#...#.#.#.#......#.#.....#......#..#.####......O.##..#.......#....#....
.........#.........#......#......#.....O..##......###.O..#.OO....OO....OOO..#.#.................
...........#.##..#...O....OO...#OO....OOO.##.#.......#.O..O.#O..O..O.#O....#..........#.##.....#
....#.#..........##...O#.O..O..O.#O.#O..#.##.#..#........##..#......#....#.#..............#....#
............#...#...##..........#.#..........#.....#..........#....#....#...#...................
.#........#...#......#...........##.....#....#...#......#...#........#....#..##...#.#...........
.......#.......#.##.........#.....#....#.#....##......#.######.#.#...#....#.......#.............
........#.#...##..#......#..#...##.....#..............#...............#....#...#..##......#.#...
#.#.........##........#....................##......##.#....#.......##.......##...#.....#....#.##
............#..#.........#...#.......#..#..#.....O#....#..#.......#......#...##....#.##.#.#.....
.#.##..........###......###...#O....OO...#OO###.OOO#.#.#....####..##..#.#....#.....#.#..##......
...#.....#..#.........#.......#.O..O..O##O.#O..O.#..................##.....#..#..........#......
...#..#.....##..#...#...##.....#......#.#...##.#.##....#............................#...##......
#...#......#.##......#..................##...#..#.....#.#..#....#...............#......#..#O....
.#...#..........#.....#.....##......#.......#..#..#...........#..#.......O....OO....OO....OOO.#.
..........#.#.#......#.###.#....#..#..#....#...........#.#...#.#..#.......O.#O..O..O..O..O.#.##.
....#..##..##......#....#.....#..................#...#..#.....#....#.........#.#......#....#.###
#...#...#.....#.#..#.....##.O..#..#....#.#..#......##..#......#...........#....#........#.......
....#..#..O#...OO....OO.#..OOO.#....#.#............#.O.#.#..#..##..#.....#....#.............#...
.#.....#.#.O.#O..O..O..O##O...#..#.O....OO...#OO...#OOO..#.....#..#...##.#......#....#......#...
..............#....#................O..O#.O.#O..O..O#...#.#......#........##........####......#.
....##...#...#.........#..#.........#.##........#..#............#...#....#...#.........O##.#....
.............#.#....##.......##....#................###..#.#.....#.#.O..#.OO....OO..#.OOO..#....
...#.....#..##.......#...##....#.............#.##.........#.##...#....O..O..O.#O..O..O#..#.#..#.
...#.........#..#.....#...........#.#........O.#...#........#......#...#.....#............#.....
#......#............#......O....OO...#OO....OOO...#......#....#...#.##.#.....#..........#.....#.
....#...#..#..##.#...#......O.#O..O..O..O..O...#...............#.......#.#.....#...#......##....
.#.....#.........#....O..##.#.......#...#.......#.....#...#.#....#.....#.#......#.....##...##...
##..O....OO....OO##..OOO........#...........#.#..#..............#.....#.........#...##..#.#..#..
#....O..O#.O.#O..O..O........#.....#.......#....####............#...............#..#.....#O.....
.##...##.....##...#..#............#####...#..#....#..#...#.#....#..#....O...#OO...#OO....OOO#..#
.............#...#...#...................#........#...#.................#O..O.#O..O##O..O.....#.
...#.#.....##..#......#......#...#....#.###...#.#........#..#.....#..#.......##....#.#...#......
#...................#.#..#.....#.#......#...............#..#...#....#....#..#...#..#.#.#........
#......#............##...#............###...#...#........#.##......#.#.....#....#..#............
....#....#.......###..#.................##...#...#.....#...#...#...#........O....#....#.........
........#........................#...#.....#.....O....#...O..#.OO.###OO....OOO..##...........#..
#.#........##...#.............#O....OO....OO....OOO.....##.O..O..O..O..O.#O..................#..
...............#....#.....#.....O..O..O..O#.O.#O....#....#...#............#.#..#....#..#..###..#
.#..#....#..........#..#....#....#.#.......#.#..................#.#.......#.#.#...#..........#..
................#...#.#..............#.#.....#.##..#.###...#..........#.#........#..#...#......#
.....#..#...#.....#.........#..#..........##.......###.#.......#.#.#...##...#..#.............#..
.......#.....#......#.............#...#.##.....#...#........##O..#.......##....#.....#........##
#..#..........#..#.#....#.........##.#.....#O...#OO....OO#...OOO.......#..........#........#....
..#..#.........#.#.........#................#O..O..O..O..O.#O#...##.#...#.#..##.#...............
.#.#.##........#....#...O.......#.#.........#.....###....#......##.......#.#......##..#.........
.##..#O.#.#OO#...OO...#OOO..#.................#...#..#...###...##.#....#.....#...............#..
..#....O..O#.O#.O#.O..O.#.#........#..#.......#.#.............#......#.....##.........#.......#.
.....#..#....#...##.#.#...#...........#...##.#.#.##..##.#....#...#.###.........#........#.#.....
.......#.....#.#.......#........#.#.##.##....#...#.#..........#....#..........##....#..#...O....
......................#........#..#.................#..#.#..#...#.#....##O....OO#...OO....OOO...
.#.....#...#.......##...#...........#...##....#....#....#.....#...###....#O..O..O#.O..O##O...#..
.#..........#....#...O...#....#....#......#....O.....###.#.#......#......##.......#.............
..#O.#..OO...#OO#...OOO..##..O....OO#...OO#...OOO...................##...#.........#............
....O.#O.#O..O..O.#O.........#O..O#.O#.O..O..O.....#......#..#....#.#...#.........#...#.#.##....
....#...........#..#....#............#...##...#........#....##......#..........#.#.....##.......
.##...#.#...#.#.....#......#.#..##.......#.........##.......#.....#......#.#.#..#...#...##.....#
#.........#.....#....#..#.............###.........#.....................#.#.#.....#..##.....O##.
....#.#...........#...O.......#.#.##..........#.#..#.....#....#...#.......O..#.OO....OO...#OOO..
..#.O.#..OO..#.OO....OOO###.##................#......O..##..#...##....#.##.O..O..O..O.#O..O....#
..#..O..O..O..O..O..O.#.......#..#.O....OO....OO...#OOO.#....#.....#.#..............#.#.###.##..
.......#...##.....#....#...###...#..O..O..O..O..O..O....#...................#..#.....#...#..#.#.
...#.....#..#....##.#.....#..#.##....#........#.....#...#........#.................##O...#....#.
#..##...............#.#....#...#...##.......#...##........#......#.O....OO..##OO#.##OOO..#.###..
#...#.#....#.....####..#.......#..................#...........#.....O.#O#.O..O..O..O#.....#.....
.#.#..#...#....#.....#..............#...#..#.............#.......#.#..##.......#........###...#.
...#....#......##............#..#.......#...#.#.#..#.#.#...#.#.....#......#...............#..#.#
......................#...#..............#.........#......#..#.........#..............#.........
........................#.....O....#.......#..........#...#..................#...#....#.##......
.##.........O....OO....OO....OOO.....#....#........#...............#####O..#......#....#........
.............O..O..O..O..O#.O.....#..#.#....#.....###.O....OO...#OO....OOO...#......#..#........
....#......#....####..#.........#...........#..#......#O.#O#.O..O.#O#.O##...#..#.##..#..........
.##.#......##.#......#...##.#......#..........#.....#......#....#.##.#..#....#.......#..###.....
.##..#............#...##.......#.#...##.#..#.......#............#............#.##...............
..#......#.#..#.....#....#.#..#...#..............##...#......#.....#.......#.......#..#...##.#.#
....#.........#....#......#.#......##.........O#.........#.#....#..#....#..#.O#.....#.........##
....#...#..#.......#.....#..O....OO###.OO....OOO.#.........O..#.OO...#OO....OOO.##.#........#...
...#..#............#..#..#...O..O..O.#O#.O..O........#.....#O..O..O..O..O..O....#.....#........#
#........#.#.#..#.##....#.#...................#.#.#............#.....#.................#........
.#........#.....................#.#..#....#.#.......#........#...###.........#..#..#........#...
..........#.#.##.#...##...###.#..#..................###..##.......##.........#....##..........#.
#..........##....#..#....................#.#.....#......#........##..#................#.........
....#....#.#....#........#...#...#..#..#.............#..........#.......#...#.#...#.#....##....#
